2023-08-15 11:43:00.143 [info] Added views:workbench.panel.markers.view in workbench.panel.markers
2023-08-15 11:43:00.143 [info] Added views:workbench.panel.output in workbench.panel.output
2023-08-15 11:43:00.143 [info] Added views:terminal in terminal
2023-08-15 11:43:00.143 [info] Added views:outline in workbench.view.explorer
2023-08-15 11:43:00.143 [info] Added views:workbench.scm in workbench.view.scm
2023-08-15 11:43:00.143 [info] Added views:workbench.view.search in workbench.view.search
2023-08-15 11:43:00.143 [info] Added views:timeline in workbench.view.explorer
2023-08-15 11:43:00.143 [info] Added views:workbench.explorer.fileView in workbench.view.explorer
2023-08-15 11:43:00.414 [info] Added views:workbench.debug.variablesView,workbench.debug.watchExpressionsView,workbench.debug.callStackView,workbench.debug.breakPointsView in workbench.view.debug
2023-08-15 11:43:00.524 [info] Added views:workbench.panel.repl.view in workbench.panel.repl
2023-08-15 11:43:00.526 [info] Removed views:workbench.debug.breakPointsView,workbench.debug.callStackView,workbench.debug.watchExpressionsView,workbench.debug.variablesView from workbench.view.debug
2023-08-15 11:43:00.527 [info] Added views:workbench.debug.welcome in workbench.view.debug
2023-08-15 12:18:06.331 [info] Added views:workbench.views.extensions.installed,workbench.views.extensions.popular,extensions.recommendedList in workbench.view.extensions
2023-08-15 12:18:06.332 [info] Removed views:workbench.views.extensions.popular from workbench.view.extensions
2023-08-15 12:18:06.555 [info] Added views:workbench.views.extensions.popular in workbench.view.extensions
2023-08-15 12:30:55.526 [info] Removed views:extensions.recommendedList,workbench.views.extensions.popular,workbench.views.extensions.installed from workbench.view.extensions
2023-08-15 12:30:55.550 [info] Added views:workbench.views.extensions.marketplace in workbench.view.extensions
2023-08-15 12:31:19.434 [info] Removed views:workbench.views.extensions.marketplace from workbench.view.extensions
2023-08-15 12:31:19.451 [info] Added views:workbench.views.extensions.installed,workbench.views.extensions.popular,extensions.recommendedList in workbench.view.extensions
2023-08-15 12:33:27.127 [info] Removed views:extensions.recommendedList,workbench.views.extensions.popular,workbench.views.extensions.installed from workbench.view.extensions
2023-08-15 12:33:27.140 [info] Added views:workbench.views.extensions.marketplace in workbench.view.extensions
2023-08-15 12:33:58.021 [info] Removed views:workbench.views.extensions.marketplace from workbench.view.extensions
2023-08-15 12:33:58.050 [info] Added views:workbench.views.extensions.installed,workbench.views.extensions.popular,extensions.recommendedList in workbench.view.extensions
2023-08-15 12:34:56.665 [info] Removed views:extensions.recommendedList,workbench.views.extensions.popular,workbench.views.extensions.installed from workbench.view.extensions
2023-08-15 12:34:56.679 [info] Added views:workbench.views.extensions.marketplace in workbench.view.extensions
2023-08-15 12:36:04.293 [info] Added views:workbench.view.testing in workbench.view.extension.test
2023-08-15 22:31:14.956 [info] Removed views:workbench.view.testing from workbench.view.extension.test
