2023-08-09 02:07:56 Loading main app package /usr/lib/obsidian/obsidian.asar
2023-08-09 02:07:56 Checking for update using Github
2023-08-09 02:07:57 Success.
2023-08-09 02:07:57 Latest version is 1.3.7
2023-08-09 02:07:57 App is up to date.
2023-08-09 02:18:05 Loading main app package /usr/lib/obsidian/obsidian.asar
2023-08-09 02:18:05 Checking for update using Github
2023-08-09 02:18:10 Success.
2023-08-09 02:18:10 Latest version is 1.3.7
2023-08-09 02:18:10 App is up to date.
2023-08-09 03:18:05 Checking for update using Github
2023-08-09 03:18:05 Success.
2023-08-09 03:18:05 Latest version is 1.3.7
2023-08-09 03:18:05 App is up to date.
2023-08-09 03:22:16 Loading main app package /usr/lib/obsidian/obsidian.asar
2023-08-09 03:22:17 Checking for update using Github
2023-08-09 03:22:17 Success.
2023-08-09 03:22:17 Latest version is 1.3.7
2023-08-09 03:22:17 App is up to date.
2023-08-09 04:22:16 Checking for update using Github
2023-08-09 04:22:17 Success.
2023-08-09 04:22:17 Latest version is 1.3.7
2023-08-09 04:22:17 App is up to date.
2023-08-09 05:22:17 Checking for update using Github
2023-08-09 05:22:17 Success.
2023-08-09 05:22:17 Latest version is 1.3.7
2023-08-09 05:22:17 App is up to date.
2023-08-09 06:22:17 Checking for update using Github
2023-08-09 06:22:17 Success.
2023-08-09 06:22:17 Latest version is 1.3.7
2023-08-09 06:22:17 App is up to date.
2023-08-09 15:40:45 Loading main app package /usr/lib/obsidian/obsidian.asar
2023-08-09 15:40:45 Checking for update using Github
2023-08-09 15:40:50 Success.
2023-08-09 15:40:50 Latest version is 1.3.7
2023-08-09 15:40:50 App is up to date.
2023-08-09 16:12:46 Loading main app package /usr/lib/obsidian/obsidian.asar
2023-08-09 16:12:46 Checking for update using Github
2023-08-09 16:12:46 Success.
2023-08-09 16:12:46 Latest version is 1.3.7
2023-08-09 16:12:46 App is up to date.
2023-08-09 17:12:46 Checking for update using Github
2023-08-09 17:12:46 Success.
2023-08-09 17:12:46 Latest version is 1.3.7
2023-08-09 17:12:46 App is up to date.
2023-08-09 17:24:33 Loading main app package /usr/lib/obsidian/obsidian.asar
2023-08-09 17:24:33 Checking for update using Github
2023-08-09 17:24:38 Success.
2023-08-09 17:24:38 Latest version is 1.3.7
2023-08-09 17:24:38 App is up to date.
2023-08-09 18:24:33 Checking for update using Github
2023-08-09 18:24:33 Success.
2023-08-09 18:24:33 Latest version is 1.3.7
2023-08-09 18:24:33 App is up to date.
2023-08-09 19:24:33 Checking for update using Github
2023-08-09 19:24:33 Success.
2023-08-09 19:24:33 Latest version is 1.3.7
2023-08-09 19:24:33 App is up to date.
2023-08-09 20:24:33 Checking for update using Github
2023-08-09 20:24:34 Success.
2023-08-09 20:24:34 Latest version is 1.3.7
2023-08-09 20:24:34 App is up to date.
2023-08-09 21:24:33 Checking for update using Github
2023-08-09 21:24:33 Success.
2023-08-09 21:24:33 Latest version is 1.3.7
2023-08-09 21:24:33 App is up to date.
2023-08-09 22:24:33 Checking for update using Github
2023-08-09 22:24:34 Success.
2023-08-09 22:24:34 Latest version is 1.3.7
2023-08-09 22:24:34 App is up to date.
2023-08-09 23:24:34 Checking for update using Github
2023-08-09 23:24:34 Success.
2023-08-09 23:24:34 Latest version is 1.3.7
2023-08-09 23:24:34 App is up to date.
2023-08-10 00:24:34 Checking for update using Github
2023-08-10 00:24:34 Success.
2023-08-10 00:24:34 Latest version is 1.3.7
2023-08-10 00:24:34 App is up to date.
2023-08-10 01:24:34 Checking for update using Github
2023-08-10 01:24:34 Success.
2023-08-10 01:24:34 Latest version is 1.3.7
2023-08-10 01:24:34 App is up to date.
2023-08-10 02:24:34 Checking for update using Github
2023-08-10 02:24:34 Success.
2023-08-10 02:24:34 Latest version is 1.3.7
2023-08-10 02:24:34 App is up to date.
2023-08-10 02:44:20 Loading main app package /usr/lib/obsidian/obsidian.asar
2023-08-10 02:44:20 Checking for update using Github
2023-08-10 02:44:20 Success.
2023-08-10 02:44:20 Latest version is 1.3.7
2023-08-10 02:44:20 App is up to date.
2023-08-10 03:44:20 Checking for update using Github
2023-08-10 03:44:25 Success.
2023-08-10 03:44:25 Latest version is 1.3.7
2023-08-10 03:44:25 App is up to date.
2023-08-10 04:44:20 Checking for update using Github
2023-08-10 04:44:20 Success.
2023-08-10 04:44:20 Latest version is 1.3.7
2023-08-10 04:44:20 App is up to date.
2023-08-10 15:06:30 Loading main app package /usr/lib/obsidian/obsidian.asar
2023-08-10 15:06:30 Checking for update using Github
2023-08-10 15:06:36 Success.
2023-08-10 15:06:36 Latest version is 1.3.7
2023-08-10 15:06:36 App is up to date.
2023-08-10 19:54:53 Loading main app package /usr/lib/obsidian/obsidian.asar
2023-08-10 19:54:54 Checking for update using Github
2023-08-10 19:54:54 Success.
2023-08-10 19:54:54 Latest version is 1.3.7
2023-08-10 19:54:54 App is up to date.
2023-08-10 20:54:53 Checking for update using Github
2023-08-10 20:54:54 Success.
2023-08-10 20:54:54 Latest version is 1.3.7
2023-08-10 20:54:54 App is up to date.
2023-08-10 21:54:53 Checking for update using Github
2023-08-10 21:54:54 Success.
2023-08-10 21:54:54 Latest version is 1.3.7
2023-08-10 21:54:54 App is up to date.
2023-08-10 22:54:53 Checking for update using Github
2023-08-10 22:54:54 Success.
2023-08-10 22:54:54 Latest version is 1.3.7
2023-08-10 22:54:54 App is up to date.
2023-08-10 23:54:53 Checking for update using Github
2023-08-10 23:54:54 Success.
2023-08-10 23:54:54 Latest version is 1.3.7
2023-08-10 23:54:54 App is up to date.
2023-08-11 00:54:54 Checking for update using Github
2023-08-11 00:54:54 Success.
2023-08-11 00:54:54 Latest version is 1.3.7
2023-08-11 00:54:54 App is up to date.
2023-08-11 01:54:54 Checking for update using Github
2023-08-11 01:54:54 Success.
2023-08-11 01:54:54 Latest version is 1.3.7
2023-08-11 01:54:54 App is up to date.
2023-08-11 02:54:54 Checking for update using Github
2023-08-11 02:54:54 Success.
2023-08-11 02:54:54 Latest version is 1.3.7
2023-08-11 02:54:54 App is up to date.
2023-08-11 03:54:54 Checking for update using Github
2023-08-11 03:54:54 Success.
2023-08-11 03:54:54 Latest version is 1.3.7
2023-08-11 03:54:54 App is up to date.
2023-08-11 04:54:54 Checking for update using Github
2023-08-11 04:54:54 Success.
2023-08-11 04:54:54 Latest version is 1.3.7
2023-08-11 04:54:54 App is up to date.
2023-08-11 13:05:36 Loading main app package /usr/lib/obsidian/obsidian.asar
2023-08-11 13:05:37 Checking for update using Github
2023-08-11 13:05:37 Success.
2023-08-11 13:05:37 Latest version is 1.3.7
2023-08-11 13:05:37 App is up to date.
2023-08-11 14:05:36 Checking for update using Github
2023-08-11 14:05:37 Success.
2023-08-11 14:05:37 Latest version is 1.3.7
2023-08-11 14:05:37 App is up to date.
2023-08-11 15:05:37 Checking for update using Github
2023-08-11 15:05:37 Success.
2023-08-11 15:05:37 Latest version is 1.3.7
2023-08-11 15:05:37 App is up to date.
2023-08-11 16:05:37 Checking for update using Github
2023-08-11 16:05:37 Success.
2023-08-11 16:05:37 Latest version is 1.3.7
2023-08-11 16:05:37 App is up to date.
2023-08-11 17:05:37 Checking for update using Github
2023-08-11 17:05:37 Success.
2023-08-11 17:05:37 Latest version is 1.3.7
2023-08-11 17:05:37 App is up to date.
2023-08-11 18:05:37 Checking for update using Github
2023-08-11 18:05:37 Success.
2023-08-11 18:05:37 Latest version is 1.3.7
2023-08-11 18:05:37 App is up to date.
2023-08-11 19:05:37 Checking for update using Github
2023-08-11 19:05:37 Success.
2023-08-11 19:05:37 Latest version is 1.3.7
2023-08-11 19:05:37 App is up to date.
2023-08-11 20:05:37 Checking for update using Github
2023-08-11 20:05:37 Success.
2023-08-11 20:05:37 Latest version is 1.3.7
2023-08-11 20:05:37 App is up to date.
2023-08-11 21:05:37 Checking for update using Github
2023-08-11 21:05:37 Success.
2023-08-11 21:05:37 Latest version is 1.3.7
2023-08-11 21:05:37 App is up to date.
2023-08-11 22:05:37 Checking for update using Github
2023-08-11 22:05:37 Success.
2023-08-11 22:05:37 Latest version is 1.3.7
2023-08-11 22:05:37 App is up to date.
2023-08-11 23:05:37 Checking for update using Github
2023-08-11 23:05:37 Success.
2023-08-11 23:05:37 Latest version is 1.3.7
2023-08-11 23:05:37 App is up to date.
2023-08-12 00:05:37 Checking for update using Github
2023-08-12 00:05:37 Success.
2023-08-12 00:05:37 Latest version is 1.3.7
2023-08-12 00:05:37 App is up to date.
2023-08-12 01:05:37 Checking for update using Github
2023-08-12 01:05:37 Success.
2023-08-12 01:05:37 Latest version is 1.3.7
2023-08-12 01:05:37 App is up to date.
2023-08-12 02:05:37 Checking for update using Github
2023-08-12 02:05:37 Success.
2023-08-12 02:05:37 Latest version is 1.3.7
2023-08-12 02:05:37 App is up to date.
2023-08-12 03:05:37 Checking for update using Github
2023-08-12 03:05:38 Success.
2023-08-12 03:05:38 Latest version is 1.3.7
2023-08-12 03:05:38 App is up to date.
2023-08-14 13:38:43 Loading main app package /usr/lib/obsidian/obsidian.asar
2023-08-14 13:38:43 Checking for update using Github
2023-08-14 13:38:48 Success.
2023-08-14 13:38:48 Latest version is 1.3.7
2023-08-14 13:38:48 App is up to date.
2023-08-14 22:07:40 Loading main app package /usr/lib/obsidian/obsidian.asar
2023-08-14 22:07:40 Checking for update using Github
2023-08-14 22:07:46 Success.
2023-08-14 22:07:46 Latest version is 1.3.7
2023-08-14 22:07:46 App is up to date.
2023-08-14 23:07:40 Checking for update using Github
2023-08-14 23:07:41 Success.
2023-08-14 23:07:41 Latest version is 1.3.7
2023-08-14 23:07:41 App is up to date.
2023-08-16 17:03:33 Loading main app package /usr/lib/obsidian/obsidian.asar
2023-08-16 17:03:33 Checking for update using Github
2023-08-16 17:03:33 Success.
2023-08-16 17:03:33 Latest version is 1.3.7
2023-08-16 17:03:33 App is up to date.
2023-08-16 18:03:33 Checking for update using Github
2023-08-16 18:03:33 Success.
2023-08-16 18:03:33 Latest version is 1.3.7
2023-08-16 18:03:33 App is up to date.
2023-08-16 20:15:22 Loading main app package /usr/lib/obsidian/obsidian.asar
2023-08-16 20:15:22 Checking for update using Github
2023-08-16 20:15:23 Success.
2023-08-16 20:15:23 Latest version is 1.3.7
2023-08-16 20:15:23 App is up to date.
