2023-08-15 11:43:00.495 [info] Extension host with pid 36165 started
2023-08-15 11:43:00.495 [info] Skipping acquiring lock for /home/austin/.config/VSCodium/User/workspaceStorage/59131ac08075372389c16bd18ef83d08.
2023-08-15 11:43:00.528 [info] ExtensionService#_doActivateExtension vscode.git-base, startup: true, activationEvent: '*', root cause: vscode.git
2023-08-15 11:43:00.532 [info] ExtensionService#_doActivateExtension vscode.git, startup: true, activationEvent: '*'
2023-08-15 11:43:00.552 [info] ExtensionService#_doActivateExtension vscode.github, startup: true, activationEvent: '*'
2023-08-15 11:43:00.577 [info] Eager extensions activated
2023-08-15 11:43:00.591 [info] ExtensionService#_doActivateExtension vscode.debug-auto-launch, startup: false, activationEvent: 'onStartupFinished'
2023-08-15 11:43:00.592 [info] ExtensionService#_doActivateExtension vscode.merge-conflict, startup: false, activationEvent: 'onStartupFinished'
2023-08-15 12:10:16.559 [info] ExtensionService#_doActivateExtension vscode.emmet, startup: false, activationEvent: 'onLanguage'
2023-08-15 12:12:25.134 [info] ExtensionService#_doActivateExtension vscode.json-language-features, startup: false, activationEvent: 'onLanguage:jsonc'
2023-08-15 12:12:25.155 [info] ExtensionService#_doActivateExtension vscode.typescript-language-features, startup: false, activationEvent: 'onLanguage:jsonc'
2023-08-15 12:30:35.442 [info] ExtensionService#_doActivateExtension esbenp.prettier-vscode, startup: false, activationEvent: 'onStartupFinished'
2023-08-15 12:32:13.037 [info] ExtensionService#_doActivateExtension PKief.material-icon-theme, startup: false, activationEvent: 'onStartupFinished'
2023-08-15 12:34:24.671 [info] ExtensionService#_doActivateExtension vscodevim.vim, startup: false, activationEvent: '*'
2023-08-15 12:34:25.783 [error] Error: ENOENT: no such file or directory, open '/home/austin/.config/VSCodium/User/globalStorage/vscodevim.vim/.registers'
2023-08-15 12:36:04.043 [info] ExtensionService#_doActivateExtension ms-python.python, startup: false, activationEvent: 'onCommand:python.createNewFile'
2023-08-15 12:36:04.342 [info] ExtensionService#_doActivateExtension ms-python.pylint, startup: false, activationEvent: 'onLanguage:python'
2023-08-15 22:31:14.948 [info] Extension host terminating: renderer closed the MessagePort
2023-08-15 22:31:14.967 [error] Error: ENOENT: no such file or directory, open '/home/austin/.config/VSCodium/User/globalStorage/vscodevim.vim/.registers'
2023-08-15 22:31:14.971 [info] Extension host with pid 36165 exiting with code 0
