2023-08-17 15:10:09.299 [info] Log level: Info
2023-08-17 15:10:09.299 [info] Validating found git in: "git"
2023-08-17 15:10:09.315 [info] Using git "2.41.0" from "git"
2023-08-17 15:10:09.328 [info] > git rev-parse --show-toplevel [3ms]
2023-08-17 15:10:09.328 [info] fatal: not a git repository (or any parent up to mount point /)
Stopping at filesystem boundary (GIT_DISCOVERY_ACROSS_FILESYSTEM not set).
2023-08-17 15:10:09.340 [info] > git rev-parse --show-toplevel [3ms]
2023-08-17 15:10:09.340 [info] fatal: not a git repository (or any parent up to mount point /)
Stopping at filesystem boundary (GIT_DISCOVERY_ACROSS_FILESYSTEM not set).
2023-08-17 15:10:09.345 [info] > git rev-parse --show-toplevel [1ms]
2023-08-17 15:10:09.345 [info] fatal: not a git repository (or any parent up to mount point /)
Stopping at filesystem boundary (GIT_DISCOVERY_ACROSS_FILESYSTEM not set).
2023-08-17 15:10:09.350 [info] > git rev-parse --show-toplevel [1ms]
2023-08-17 15:10:09.350 [info] fatal: not a git repository (or any parent up to mount point /)
Stopping at filesystem boundary (GIT_DISCOVERY_ACROSS_FILESYSTEM not set).
2023-08-17 15:10:09.356 [info] > git rev-parse --show-toplevel [1ms]
2023-08-17 15:10:09.356 [info] fatal: not a git repository (or any parent up to mount point /)
Stopping at filesystem boundary (GIT_DISCOVERY_ACROSS_FILESYSTEM not set).
2023-08-17 15:10:09.362 [info] > git rev-parse --show-toplevel [2ms]
2023-08-17 15:10:09.362 [info] fatal: not a git repository (or any parent up to mount point /)
Stopping at filesystem boundary (GIT_DISCOVERY_ACROSS_FILESYSTEM not set).
2023-08-17 15:10:09.367 [info] > git rev-parse --show-toplevel [0ms]
2023-08-17 15:10:09.367 [info] fatal: not a git repository (or any parent up to mount point /)
Stopping at filesystem boundary (GIT_DISCOVERY_ACROSS_FILESYSTEM not set).
2023-08-17 15:10:09.372 [info] > git rev-parse --show-toplevel [0ms]
2023-08-17 15:10:09.372 [info] fatal: not a git repository (or any parent up to mount point /)
Stopping at filesystem boundary (GIT_DISCOVERY_ACROSS_FILESYSTEM not set).
2023-08-17 15:10:09.426 [info] > git rev-parse --show-toplevel [1ms]
2023-08-17 15:10:09.426 [info] fatal: not a git repository (or any parent up to mount point /)
Stopping at filesystem boundary (GIT_DISCOVERY_ACROSS_FILESYSTEM not set).
